total 163M
-rw-rw---- 1 root microk8s  8.0M Nov 15 16:54 0000000001879041-0000000001879415
-rw-rw---- 1 root microk8s  8.0M Nov 15 16:55 0000000001879416-0000000001879952
-rw-rw---- 1 root microk8s  1.5M Nov 15 16:55 0000000001879953-0000000001880064
-rw-rw---- 1 root microk8s  8.0M Nov 15 16:56 0000000001880065-0000000001880683
-rw-rw---- 1 root microk8s  8.0M Nov 15 16:59 0000000001880684-0000000001881052
-rw-rw---- 1 root microk8s  933K Nov 15 16:59 0000000001881053-0000000001881088
-rw-rw---- 1 root microk8s  8.0M Nov 15 17:00 0000000001881089-0000000001881618
-rw-rw---- 1 root microk8s  6.2M Nov 15 17:00 0000000001881619-0000000001882112
-rw-rw---- 1 root microk8s  8.0M Nov 15 17:03 0000000001882113-0000000001882587
-rw-rw---- 1 root microk8s  8.0M Nov 15 17:05 0000000001882588-0000000001882990
-rw-rw---- 1 root microk8s  1.9M Nov 15 17:05 0000000001882991-0000000001883136
-rw-rw---- 1 root microk8s  8.0M Nov 15 17:05 0000000001883137-0000000001883764
-rw-rw---- 1 root microk8s  5.8M Nov 15 17:06 0000000001883765-0000000001884160
-rw-rw---- 1 root microk8s  8.0M Nov 15 17:10 0000000001884161-0000000001884526
-rw-rw---- 1 root microk8s  8.0M Nov 15 17:10 0000000001884527-0000000001885105
-rw-rw---- 1 root microk8s 1008K Nov 15 17:10 0000000001885106-0000000001885184
-rw-rw---- 1 root microk8s  8.0M Nov 15 17:11 0000000001885185-0000000001885779
-rw-rw---- 1 root microk8s  8.0M Nov 15 17:14 0000000001885780-0000000001886149
-rw-rw---- 1 root microk8s  1.4M Nov 15 17:15 0000000001886150-0000000001886208
-rw-rw---- 1 root microk8s  8.0M Nov 15 17:15 0000000001886209-0000000001886785
-rw-rw---- 1 root microk8s  5.8M Nov 15 17:15 0000000001886786-0000000001887232
-rw-rw---- 1 root microk8s  8.0M Nov 15 17:18 0000000001887233-0000000001887667
-rw-rw---- 1 root microk8s  1.9K Oct 11 15:54 cluster.crt
-rw-rw---- 1 root microk8s  3.2K Oct 11 15:54 cluster.key
-rw-rw---- 1 root microk8s    63 Nov 15 17:18 cluster.yaml
-rw-rw-r-- 1 root microk8s     2 Nov 15 16:18 failure-domain
-rw-rw---- 1 root microk8s    57 Oct 11 15:54 info.yaml
srw-rw---- 1 root microk8s     0 Nov 11 23:10 kine.sock:12379
-rw-rw---- 1 root microk8s    63 Nov 11 23:10 localnode.yaml
-rw-rw---- 1 root microk8s    32 Oct 11 15:54 metadata1
-rw-rw---- 1 root microk8s  8.0M Nov 15 17:19 open-507
-rw-rw---- 1 root microk8s  8.0M Nov 15 17:15 open-508
-rw-rw---- 1 root microk8s  8.0M Nov 15 17:18 open-509
-rw-rw---- 1 root microk8s  1.6M Nov 15 17:15 snapshot-1-1886208-152323763
-rw-rw---- 1 root microk8s    72 Nov 15 17:15 snapshot-1-1886208-152323763.meta
-rw-rw---- 1 root microk8s  1.3M Nov 15 17:15 snapshot-1-1887232-152360740
-rw-rw---- 1 root microk8s    72 Nov 15 17:15 snapshot-1-1887232-152360740.meta
