● snap.microk8s.daemon-apiserver-kicker.service - Service for snap application microk8s.daemon-apiserver-kicker
     Loaded: loaded (/etc/systemd/system/snap.microk8s.daemon-apiserver-kicker.service; enabled; vendor preset: enabled)
     Active: active (running) since Sat 2023-11-11 22:52:35 IST; 3 days ago
   Main PID: 2785185 (apiservice-kick)
      Tasks: 2 (limit: 4607)
     Memory: 29.4M
        CPU: 27min 4.532s
     CGroup: /system.slice/snap.microk8s.daemon-apiserver-kicker.service
             ├─2785185 /bin/bash /snap/microk8s/6114/apiservice-kicker
             └─3673159 sleep 5

Nov 11 23:10:45 microk8s-vm microk8s.daemon-apiserver-kicker[2785927]: Conditions:
Nov 11 23:10:45 microk8s-vm microk8s.daemon-apiserver-kicker[2785927]:   Type           Status  Reason
Nov 11 23:10:45 microk8s-vm microk8s.daemon-apiserver-kicker[2785927]:   ----           ------  ------
Nov 11 23:10:45 microk8s-vm microk8s.daemon-apiserver-kicker[2785927]:   Progressing    True    NewReplicaSetAvailable
Nov 11 23:10:45 microk8s-vm microk8s.daemon-apiserver-kicker[2785927]:   Available      True    MinimumReplicasAvailable
Nov 11 23:10:45 microk8s-vm microk8s.daemon-apiserver-kicker[2785927]: OldReplicaSets:  calico-kube-controllers-6c99c8747f (0/0 replicas created)
Nov 11 23:10:45 microk8s-vm microk8s.daemon-apiserver-kicker[2785927]: NewReplicaSet:   calico-kube-controllers-65dfc97bb5 (1/1 replicas created)
Nov 11 23:10:45 microk8s-vm microk8s.daemon-apiserver-kicker[2785927]: Events:          <none>
Nov 11 23:10:45 microk8s-vm microk8s.daemon-apiserver-kicker[2785943]: daemonset.apps/calico-node restarted
Nov 11 23:10:45 microk8s-vm microk8s.daemon-apiserver-kicker[2785957]: deployment.apps/calico-kube-controllers restarted
