● snap.microk8s.daemon-containerd.service - Service for snap application microk8s.daemon-containerd
     Loaded: loaded (/etc/systemd/system/snap.microk8s.daemon-containerd.service; enabled; vendor preset: enabled)
     Active: active (running) since Sat 2023-11-11 22:52:35 IST; 3 days ago
   Main PID: 2784891 (containerd)
      Tasks: 321 (limit: 4607)
     Memory: 430.5M
        CPU: 39min 30.202s
     CGroup: /system.slice/snap.microk8s.daemon-containerd.service
             ├─   3851 /snap/microk8s/6072/bin/containerd-shim-runc-v2 -namespace k8s.io -id 6a4ea632a4d1f92047cfa8815e158a3c3f1e6a98bc75720ac4aaefb981067a38 -address /var/snap/microk8s/common/run/containerd.sock
             ├─   4026 /snap/microk8s/6072/bin/containerd-shim-runc-v2 -namespace k8s.io -id 11bc5100e23de2c238129184012f38927a66d370b38682250ec5e451b3054740 -address /var/snap/microk8s/common/run/containerd.sock
             ├─   4356 /snap/microk8s/6072/bin/containerd-shim-runc-v2 -namespace k8s.io -id bab0ef4b8c4741b4886b3c4fffd24b0b201b58a2cbb24fed3539c63a8023ec34 -address /var/snap/microk8s/common/run/containerd.sock
             ├─   5161 /snap/microk8s/6072/bin/containerd-shim-runc-v2 -namespace k8s.io -id b5611fa04f71ff842849bd6815537d2430c9e6e1fc504a7546d6cb34fafea256 -address /var/snap/microk8s/common/run/containerd.sock
             ├─   5788 /snap/microk8s/6072/bin/containerd-shim-runc-v2 -namespace k8s.io -id 48bfbea73e0b74cba7aca642ee05da0a746a4a842c7193b9335990aea67b5be1 -address /var/snap/microk8s/common/run/containerd.sock
             ├─  46029 /snap/microk8s/6072/bin/containerd-shim-runc-v2 -namespace k8s.io -id a59c73f5a475e74a50cd3a4b3ab20b19b55f94cd01e5e1c9d1f97b35082d5ac3 -address /var/snap/microk8s/common/run/containerd.sock
             ├─  46187 /snap/microk8s/6072/bin/containerd-shim-runc-v2 -namespace k8s.io -id 738e8239a7e9080e639813767ac395ac2d9701e327bb360dd02480c36c96fe20 -address /var/snap/microk8s/common/run/containerd.sock
             ├─ 728574 /snap/microk8s/6072/bin/containerd-shim-runc-v2 -namespace k8s.io -id a3388626a0131a55475282a8f8670957fff7d704c6be5ac0bde912e132412c9c -address /var/snap/microk8s/common/run/containerd.sock
             ├─1138908 /snap/microk8s/6072/bin/containerd-shim-runc-v2 -namespace k8s.io -id b1e3e022bf9a87e216049e2bb3f0106f0aa95f9fbea1a99c56e505fd6a8d01ac -address /var/snap/microk8s/common/run/containerd.sock
             ├─1745390 /snap/microk8s/6072/bin/containerd-shim-runc-v2 -namespace k8s.io -id fbb7d64a83ee5a3deec18975cca3dd9f315784f74ba5b639b74eaccd75ceb82d -address /var/snap/microk8s/common/run/containerd.sock
             ├─1745768 /snap/microk8s/6072/bin/containerd-shim-runc-v2 -namespace k8s.io -id 46f044e29ae4a5ed040bbded86bc4892b8c7d425d98e61d9e9f3f7c318f86ca0 -address /var/snap/microk8s/common/run/containerd.sock
             ├─2784891 /snap/microk8s/6114/bin/containerd --config /var/snap/microk8s/6114/args/containerd.toml --root /var/snap/microk8s/common/var/lib/containerd --state /var/snap/microk8s/common/run/containerd --address /var/snap/microk8s/common/run/containerd.sock
             ├─2790385 /snap/microk8s/6114/bin/containerd-shim-runc-v2 -namespace k8s.io -id 658af297fcfa71937dcd7bb57b00f7ebe6552de6009250b6cfce80be79b83123 -address /var/snap/microk8s/common/run/containerd.sock
             ├─2790467 /snap/microk8s/6114/bin/containerd-shim-runc-v2 -namespace k8s.io -id 1102c303947a187a779872681783c9fbea9f3840da5cc26b245f07c1dbc8512b -address /var/snap/microk8s/common/run/containerd.sock
             ├─2790739 /snap/microk8s/6114/bin/containerd-shim-runc-v2 -namespace k8s.io -id ae19164e218558b1e09d9a76086796819a3583c8ac02b32f953a2eb2bbb5ae01 -address /var/snap/microk8s/common/run/containerd.sock
             ├─2790941 /snap/microk8s/6114/bin/containerd-shim-runc-v2 -namespace k8s.io -id 16fdc7116c943b28be4133811edb573d83509e0092cdf9b748736feca587e1ab -address /var/snap/microk8s/common/run/containerd.sock
             ├─2791107 /snap/microk8s/6114/bin/containerd-shim-runc-v2 -namespace k8s.io -id 51a994ebb279637be9134fc39fd228db37143b5aacf0d03d5095d1ba4d77a731 -address /var/snap/microk8s/common/run/containerd.sock
             ├─2791254 /snap/microk8s/6114/bin/containerd-shim-runc-v2 -namespace k8s.io -id 5f55fd4128cae66bcf054d1448193c64269c86887a71a12eb63fe746d615aa21 -address /var/snap/microk8s/common/run/containerd.sock
             ├─2791472 /snap/microk8s/6114/bin/containerd-shim-runc-v2 -namespace k8s.io -id c39c54ea03f302f0d17c9f1317b15a27d2345c2f664a6d9e071d9af0ec355aa7 -address /var/snap/microk8s/common/run/containerd.sock
             ├─3009022 /snap/microk8s/6114/bin/containerd-shim-runc-v2 -namespace k8s.io -id a589c8d5cc77b99175d37e57aede4693e0fbecce85a351cf7759238b4a5d1b95 -address /var/snap/microk8s/common/run/containerd.sock
             ├─3009552 /snap/microk8s/6114/bin/containerd-shim-runc-v2 -namespace k8s.io -id 296a653245f6df94ae4f55b96c10eebe00b5e358a346d137b9536bfadd8e5536 -address /var/snap/microk8s/common/run/containerd.sock
             ├─3009847 /snap/microk8s/6114/bin/containerd-shim-runc-v2 -namespace k8s.io -id 2d7cf4df7e994d329f92d2ff0351ed9d3df4e3a641fd4ab8ea1437d26b30b565 -address /var/snap/microk8s/common/run/containerd.sock
             ├─3027942 /snap/microk8s/6114/bin/containerd-shim-runc-v2 -namespace k8s.io -id 81a04d7e69fcdac724c2ea923eb0b7f36f09a3e163a811e3c81c1dbdd7c79c79 -address /var/snap/microk8s/common/run/containerd.sock
             └─3033056 /snap/microk8s/6114/bin/containerd-shim-runc-v2 -namespace k8s.io -id c8a120789c6fc5fc38ed5ef348683e3723139b41bbf65aca0c5b4a24b75b23ef -address /var/snap/microk8s/common/run/containerd.sock

Nov 15 16:59:14 microk8s-vm microk8s.daemon-containerd[2784891]: time="2023-11-15T16:59:14.812385019+05:30" level=warning msg="cleaning up after shim disconnected" id=a76a44ae2e69444b53eae094d11d06053a3a6e84e791c8cc5819f3f69259b74e namespace=k8s.io
Nov 15 16:59:14 microk8s-vm microk8s.daemon-containerd[2784891]: time="2023-11-15T16:59:14.812396352+05:30" level=info msg="cleaning up dead shim"
Nov 15 16:59:14 microk8s-vm microk8s.daemon-containerd[2784891]: time="2023-11-15T16:59:14.812910924+05:30" level=error msg="Failed to delete exec process \"dc36ef9e8ecfbafe9fa5197e15fb9ec015b977cfa01e15a850762f5d74d36478\" for container \"a76a44ae2e69444b53eae094d11d06053a3a6e84e791c8cc5819f3f69259b74e\"" error="task a76a44ae2e69444b53eae094d11d06053a3a6e84e791c8cc5819f3f69259b74e not found: not found"
Nov 15 16:59:14 microk8s-vm microk8s.daemon-containerd[2784891]: time="2023-11-15T16:59:14.829189176+05:30" level=warning msg="cleanup warnings time=\"2023-11-15T16:59:14+05:30\" level=info msg=\"starting signal loop\" namespace=k8s.io pid=3645206 runtime=io.containerd.runc.v2\n"
Nov 15 16:59:15 microk8s-vm microk8s.daemon-containerd[2784891]: time="2023-11-15T16:59:15.559101717+05:30" level=info msg="RemoveContainer for \"20b4c529fe96981b314a7b3ad706c9b98a33f2ea17f4fba3d8d5330085108032\""
Nov 15 16:59:15 microk8s-vm microk8s.daemon-containerd[2784891]: time="2023-11-15T16:59:15.570290572+05:30" level=info msg="RemoveContainer for \"20b4c529fe96981b314a7b3ad706c9b98a33f2ea17f4fba3d8d5330085108032\" returns successfully"
Nov 15 16:59:29 microk8s-vm microk8s.daemon-containerd[2784891]: time="2023-11-15T16:59:29.242072601+05:30" level=info msg="CreateContainer within sandbox \"c8a120789c6fc5fc38ed5ef348683e3723139b41bbf65aca0c5b4a24b75b23ef\" for container &ContainerMetadata{Name:nchf-gateway-container,Attempt:2,}"
Nov 15 16:59:29 microk8s-vm microk8s.daemon-containerd[2784891]: time="2023-11-15T16:59:29.310410102+05:30" level=info msg="CreateContainer within sandbox \"c8a120789c6fc5fc38ed5ef348683e3723139b41bbf65aca0c5b4a24b75b23ef\" for &ContainerMetadata{Name:nchf-gateway-container,Attempt:2,} returns container id \"59e8d98211e6a34f4bb882af6bf79488a42582fd2558f8301064d7330dbd2d6a\""
Nov 15 16:59:29 microk8s-vm microk8s.daemon-containerd[2784891]: time="2023-11-15T16:59:29.311440331+05:30" level=info msg="StartContainer for \"59e8d98211e6a34f4bb882af6bf79488a42582fd2558f8301064d7330dbd2d6a\""
Nov 15 16:59:29 microk8s-vm microk8s.daemon-containerd[2784891]: time="2023-11-15T16:59:29.406114786+05:30" level=info msg="StartContainer for \"59e8d98211e6a34f4bb882af6bf79488a42582fd2558f8301064d7330dbd2d6a\" returns successfully"
